<?xml version="1.0" encoding="UTF-8"?>
<!-- Generated by org.testng.reporters.JUnitXMLReporter -->
<testsuite ignored="0" hostname="192-168-1-108.tpgi.com.au" failures="0" tests="5" name="Test" time="20.728" errors="0" timestamp="2023-03-19T12:14:15 AEDT">
  <testcase classname="com.SampleProject.Base.TestBase" name="testBase" time="0.009"/>
  <testcase classname="com.SampleProject.scrp.LoginTest" name="verifyLoginInvalidUserInvalidPassword" time="4.876"/>
  <testcase classname="com.SampleProject.scrp.LoginTest" name="verifyLoginValidUserInvalidPassword" time="2.682"/>
  <testcase classname="com.SampleProject.scrp.LoginTest" name="verifyLoginInvalidUserValidPassword" time="1.872"/>
  <testcase classname="com.SampleProject.scrp.LoginTest" name="verifyLoginValidUserValidPassword" time="2.374"/>
</testsuite> <!-- Test -->
