<?xml version="1.0" encoding="UTF-8"?>
<!-- Generated by org.testng.reporters.JUnitXMLReporter -->
<testsuite ignored="0" hostname="192-168-1-108.tpgi.com.au" failures="1" tests="5" name="Test2" time="17.086" errors="0" timestamp="2023-03-17T16:02:00 AEDT">
  <testcase classname="com.SampleProject.Base.TestBase" name="testBase" time="0.01"/>
  <testcase classname="com.SampleProject.scrp.LoginTest" name="verifyLoginInvalidUserInvalidPassword" time="1.986"/>
  <testcase classname="com.SampleProject.scrp.LoginTest" name="verifyLoginValidUserInvalidPassword" time="0.975"/>
  <testcase classname="com.SampleProject.scrp.LoginTest" name="verifyLoginInvalidUserValidPassword" time="0.721"/>
  <testcase classname="com.SampleProject.scrp.LoginTest" name="verifyLoginValidUserValidPassword" time="1.285">
    <failure type="java.lang.AssertionError" message="expected:&amp;lt;Welcome: Mercury Tours&amp;gt; but was:&amp;lt;Login: Mercury Tours&amp;gt;">
      <![CDATA[java.lang.AssertionError: expected:<Welcome: Mercury Tours> but was:<Login: Mercury Tours>
at com.SampleProject.scrp.LoginTest.verifyLoginValidUserValidPassword(LoginTest.java:67)
at java.base/java.util.ArrayList.forEach(ArrayList.java:1511)
... Removed 29 stack frames]]>
    </failure>
  </testcase> <!-- verifyLoginValidUserValidPassword -->
</testsuite> <!-- Test2 -->
