<?xml version="1.0" encoding="UTF-8"?>
<!-- Generated by org.testng.reporters.JUnitXMLReporter -->
<testsuite ignored="0" hostname="192-168-1-108.tpgi.com.au" failures="0" tests="5" name="Test" time="22.577" errors="0" timestamp="2023-03-22T13:56:14 AEDT">
  <testcase classname="com.SampleProject.Base.TestBase" name="testBase" time="0.009"/>
  <testcase classname="com.SampleProject.scrp.LoginTest" name="verifyLoginInvalidUserInvalidPassword" time="5.575"/>
  <testcase classname="com.SampleProject.scrp.LoginTest" name="verifyLoginValidUserInvalidPassword" time="3.159"/>
  <testcase classname="com.SampleProject.scrp.LoginTest" name="verifyLoginInvalidUserValidPassword" time="2.264"/>
  <testcase classname="com.SampleProject.scrp.LoginTest" name="verifyLoginValidUserValidPassword" time="2.094"/>
</testsuite> <!-- Test -->
