<?xml version="1.0" encoding="UTF-8"?>
<!-- Generated by org.testng.reporters.JUnitXMLReporter -->
<testsuite ignored="0" hostname="192-168-1-108.tpgi.com.au" failures="0" tests="5" name="Test1" time="21.906" errors="0" timestamp="2023-03-17T16:01:43 AEDT">
  <testcase classname="com.SampleProject.Base.TestBase" name="testBase" time="0.015"/>
  <testcase classname="com.SampleProject.scrp.LoginTest" name="verifyLoginInvalidUserInvalidPassword" time="5.338"/>
  <testcase classname="com.SampleProject.scrp.LoginTest" name="verifyLoginValidUserInvalidPassword" time="1.904"/>
  <testcase classname="com.SampleProject.scrp.LoginTest" name="verifyLoginInvalidUserValidPassword" time="2.228"/>
  <testcase classname="com.SampleProject.scrp.LoginTest" name="verifyLoginValidUserValidPassword" time="2.508"/>
</testsuite> <!-- Test1 -->
